<?xml version="1.0" encoding="UTF-8"?>
<!-- Generated by org.testng.reporters.JUnitReportReporter -->
<testsuite hostname="IBM343-R9VNLFN" name="com.Demo.pack.TC1_HtmlUnitDriver" tests="1" failures="0" timestamp="31 Jan 2017 07:30:42 GMT" time="7.656" errors="0">
  <testcase name="TC_Htmldriver" time="7.656" classname="com.Demo.pack.TC1_HtmlUnitDriver"/>
</testsuite> <!-- com.Demo.pack.TC1_HtmlUnitDriver -->
